Determining if the pthread_create exist failed with the following output:
Change Dir: /home/zhou/Semantic_SLAM/Third_Part/ORB_SLAM2/Examples/ROS/ORB_SLAM2/build/CMakeFiles/CMakeTmp

Run Build Command:"/usr/bin/make" "cmTC_db602/fast"
/usr/bin/make -f CMakeFiles/cmTC_db602.dir/build.make CMakeFiles/cmTC_db602.dir/build
make[1]: Entering directory '/home/zhou/Semantic_SLAM/Third_Part/ORB_SLAM2/Examples/ROS/ORB_SLAM2/build/CMakeFiles/CMakeTmp'
Building C object CMakeFiles/cmTC_db602.dir/CheckSymbolExists.c.o
/usr/bin/cc     -o CMakeFiles/cmTC_db602.dir/CheckSymbolExists.c.o   -c /home/zhou/Semantic_SLAM/Third_Part/ORB_SLAM2/Examples/ROS/ORB_SLAM2/build/CMakeFiles/CMakeTmp/CheckSymbolExists.c
Linking C executable cmTC_db602
/usr/bin/cmake -E cmake_link_script CMakeFiles/cmTC_db602.dir/link.txt --verbose=1
/usr/bin/cc       CMakeFiles/cmTC_db602.dir/CheckSymbolExists.c.o  -o cmTC_db602 -rdynamic 
CMakeFiles/cmTC_db602.dir/CheckSymbolExists.c.o：在函数‘main’中：
CheckSymbolExists.c:(.text+0x16)：对‘pthread_create’未定义的引用
collect2: error: ld returned 1 exit status
CMakeFiles/cmTC_db602.dir/build.make:97: recipe for target 'cmTC_db602' failed
make[1]: *** [cmTC_db602] Error 1
make[1]: Leaving directory '/home/zhou/Semantic_SLAM/Third_Part/ORB_SLAM2/Examples/ROS/ORB_SLAM2/build/CMakeFiles/CMakeTmp'
Makefile:126: recipe for target 'cmTC_db602/fast' failed
make: *** [cmTC_db602/fast] Error 2

File /home/zhou/Semantic_SLAM/Third_Part/ORB_SLAM2/Examples/ROS/ORB_SLAM2/build/CMakeFiles/CMakeTmp/CheckSymbolExists.c:
/* */
#include <pthread.h>

int main(int argc, char** argv)
{
  (void)argv;
#ifndef pthread_create
  return ((int*)(&pthread_create))[argc];
#else
  (void)argc;
  return 0;
#endif
}

Determining if the function pthread_create exists in the pthreads failed with the following output:
Change Dir: /home/zhou/Semantic_SLAM/Third_Part/ORB_SLAM2/Examples/ROS/ORB_SLAM2/build/CMakeFiles/CMakeTmp

Run Build Command:"/usr/bin/make" "cmTC_fea5a/fast"
/usr/bin/make -f CMakeFiles/cmTC_fea5a.dir/build.make CMakeFiles/cmTC_fea5a.dir/build
make[1]: Entering directory '/home/zhou/Semantic_SLAM/Third_Part/ORB_SLAM2/Examples/ROS/ORB_SLAM2/build/CMakeFiles/CMakeTmp'
Building C object CMakeFiles/cmTC_fea5a.dir/CheckFunctionExists.c.o
/usr/bin/cc    -DCHECK_FUNCTION_EXISTS=pthread_create   -o CMakeFiles/cmTC_fea5a.dir/CheckFunctionExists.c.o   -c /usr/share/cmake-3.5/Modules/CheckFunctionExists.c
Linking C executable cmTC_fea5a
/usr/bin/cmake -E cmake_link_script CMakeFiles/cmTC_fea5a.dir/link.txt --verbose=1
/usr/bin/cc   -DCHECK_FUNCTION_EXISTS=pthread_create    CMakeFiles/cmTC_fea5a.dir/CheckFunctionExists.c.o  -o cmTC_fea5a -rdynamic -lpthreads 
/usr/bin/ld: 找不到 -lpthreads
collect2: error: ld returned 1 exit status
CMakeFiles/cmTC_fea5a.dir/build.make:97: recipe for target 'cmTC_fea5a' failed
make[1]: *** [cmTC_fea5a] Error 1
make[1]: Leaving directory '/home/zhou/Semantic_SLAM/Third_Part/ORB_SLAM2/Examples/ROS/ORB_SLAM2/build/CMakeFiles/CMakeTmp'
Makefile:126: recipe for target 'cmTC_fea5a/fast' failed
make: *** [cmTC_fea5a/fast] Error 2


